This is pdfTeX, Version 3.1415926-1.40.9 (MiKTeX 2.7) (preloaded format=pdflatex 2009.5.26)  21 JUN 2009 13:53
entering extended mode
**D:/Sketch/Mywritings/latexdocuments/Paper2Master/Paper2.tex
(D:/Sketch/Mywritings/latexdocuments/Paper2Master/Paper2.tex
LaTeX2e <2005/12/01>
Babel <v3.8l> and hyphenation patterns for english, dumylang, nohyphenation, ge
rman, ngerman, german-x-2008-06-18, ngerman-x-2008-06-18, french, loaded.
(elsarticle.cls
Document Class: elsarticle 2008/05/22, 1.0.1: Elsevier Science
\@bls=\dimen102
("C:\Program Files\MiKTeX 2.7\tex\latex\base\article.cls"
Document Class: article 2005/09/16 v1.4f Standard LaTeX document class
("C:\Program Files\MiKTeX 2.7\tex\latex\base\size10.clo"
File: size10.clo 2005/09/16 v1.4f Standard LaTeX file (size option)
)
\c@part=\count79
\c@section=\count80
\c@subsection=\count81
\c@subsubsection=\count82
\c@paragraph=\count83
\c@subparagraph=\count84
\c@figure=\count85
\c@table=\count86
\abovecaptionskip=\skip41
\belowcaptionskip=\skip42
\bibindent=\dimen103
)
("C:\Program Files\MiKTeX 2.7\tex\latex\graphics\graphicx.sty"
Package: graphicx 1999/02/16 v1.0f Enhanced LaTeX Graphics (DPC,SPQR)

("C:\Program Files\MiKTeX 2.7\tex\latex\graphics\keyval.sty"
Package: keyval 1999/03/16 v1.13 key=value parser (DPC)
\KV@toks@=\toks14
)
("C:\Program Files\MiKTeX 2.7\tex\latex\graphics\graphics.sty"
Package: graphics 2006/02/20 v1.0o Standard LaTeX Graphics (DPC,SPQR)

("C:\Program Files\MiKTeX 2.7\tex\latex\graphics\trig.sty"
Package: trig 1999/03/16 v1.09 sin cos tan (DPC)
)
("C:\Program Files\MiKTeX 2.7\tex\latex\00miktex\graphics.cfg"
File: graphics.cfg 2007/01/18 v1.5 graphics configuration of teTeX/TeXLive
)
Package graphics Info: Driver file: pdftex.def on input line 90.

("C:\Program Files\MiKTeX 2.7\tex\latex\pdftex-def\pdftex.def"
File: pdftex.def 2008/09/08 v0.04l Graphics/color for pdfTeX
\Gread@gobject=\count87
))
\Gin@req@height=\dimen104
\Gin@req@width=\dimen105
)
("C:\Program Files\MiKTeX 2.7\tex\latex\psnfss\pifont.sty"
Package: pifont 2005/04/12 PSNFSS-v9.2a Pi font support (SPQR) 
LaTeX Font Info:    Try loading font information for U+pzd on input line 63.

("C:\Program Files\MiKTeX 2.7\tex\latex\psnfss\upzd.fd"
File: upzd.fd 2001/06/04 font definitions for U/pzd.
)
LaTeX Font Info:    Try loading font information for U+psy on input line 64.

("C:\Program Files\MiKTeX 2.7\tex\latex\psnfss\upsy.fd"
File: upsy.fd 2001/06/04 font definitions for U/psy.
))
\c@tnote=\count88
\c@fnote=\count89
\c@cnote=\count90
\c@ead=\count91
\c@author=\count92
\@eadauthor=\toks15
\c@affn=\count93
\absbox=\box26
\keybox=\box27
\Columnwidth=\dimen106
\space@left=\dimen107
\els@boxa=\box28
\els@boxb=\box29
\leftMargin=\dimen108
\@enLab=\toks16
\@sep=\skip43
\@@sep=\skip44
 (Paper2.spl)
("C:\Program Files\MiKTeX 2.7\tex\latex\natbib\natbib.sty"
Package: natbib 2009/02/02 8.3 (PWD, AO)
\bibhang=\skip45
\bibsep=\skip46
LaTeX Info: Redefining \cite on input line 694.
\c@NAT@ctr=\count94
)
\splwrite=\write3

("C:\Program Files\MiKTeX 2.7\tex\latex\geometry\geometry.sty"
Package: geometry 2008/11/13 v4.1 Page Geometry

("C:\Program Files\MiKTeX 2.7\tex\generic\oberdiek\ifpdf.sty"
Package: ifpdf 2007/12/12 v1.6 Provides the ifpdf switch (HO)
Package ifpdf Info: pdfTeX in pdf mode detected.
)
("C:\Program Files\MiKTeX 2.7\tex\generic\oberdiek\ifvtex.sty"
Package: ifvtex 2008/11/04 v1.4 Switches for detecting VTeX and its modes (HO)
Package ifvtex Info: VTeX not detected.
)
\Gm@cnth=\count95
\Gm@cntv=\count96
\c@Gm@tempcnt=\count97
\Gm@bindingoffset=\dimen109
\Gm@wd@mp=\dimen110
\Gm@odd@mp=\dimen111
\Gm@even@mp=\dimen112
\Gm@dimlist=\toks17

("C:\Program Files\MiKTeX 2.7\tex\latex\geometry\geometry.cfg"))
("C:\Program Files\MiKTeX 2.7\tex\latex\base\fleqn.clo"
File: fleqn.clo 1998/08/17 v1.1c Standard LaTeX option (flush left equations)
\mathindent=\dimen113
))
("C:\Program Files\MiKTeX 2.7\tex\latex\amsmath\amsmath.sty"
Package: amsmath 2000/07/18 v2.13 AMS math features
\@mathmargin=\skip47

For additional information on amsmath, use the `?' option.
("C:\Program Files\MiKTeX 2.7\tex\latex\amsmath\amstext.sty"
Package: amstext 2000/06/29 v2.01

("C:\Program Files\MiKTeX 2.7\tex\latex\amsmath\amsgen.sty"
File: amsgen.sty 1999/11/30 v2.0
\@emptytoks=\toks18
\ex@=\dimen114
))
("C:\Program Files\MiKTeX 2.7\tex\latex\amsmath\amsbsy.sty"
Package: amsbsy 1999/11/29 v1.2d
\pmbraise@=\dimen115
)
("C:\Program Files\MiKTeX 2.7\tex\latex\amsmath\amsopn.sty"
Package: amsopn 1999/12/14 v2.01 operator names
)
\inf@bad=\count98
LaTeX Info: Redefining \frac on input line 211.
\uproot@=\count99
\leftroot@=\count100
LaTeX Info: Redefining \overline on input line 307.
\classnum@=\count101
\DOTSCASE@=\count102
LaTeX Info: Redefining \ldots on input line 379.
LaTeX Info: Redefining \dots on input line 382.
LaTeX Info: Redefining \cdots on input line 467.
\Mathstrutbox@=\box30
\strutbox@=\box31
\big@size=\dimen116
LaTeX Font Info:    Redeclaring font encoding OML on input line 567.
LaTeX Font Info:    Redeclaring font encoding OMS on input line 568.
\macc@depth=\count103
\c@MaxMatrixCols=\count104
\dotsspace@=\muskip10
\c@parentequation=\count105
\dspbrk@lvl=\count106
\tag@help=\toks19
\row@=\count107
\column@=\count108
\maxfields@=\count109
\andhelp@=\toks20
\eqnshift@=\dimen117
\alignsep@=\dimen118
\tagshift@=\dimen119
\tagwidth@=\dimen120
\totwidth@=\dimen121
\lineht@=\dimen122
\@envbody=\toks21
\multlinegap=\skip48
\multlinetaggap=\skip49
\mathdisplay@stack=\toks22
LaTeX Info: Redefining \[ on input line 2666.
LaTeX Info: Redefining \] on input line 2667.
)
("C:\Program Files\MiKTeX 2.7\tex\latex\subfigure\subfigure.sty"
Package: subfigure 2002/07/30 v2.1.4 subfigure package
\subfigtopskip=\skip50
\subfigcapskip=\skip51
\subfigcaptopadj=\dimen123
\subfigbottomskip=\skip52
\subfigcapmargin=\dimen124
\subfiglabelskip=\skip53
\c@subfigure=\count110
\c@lofdepth=\count111
\c@subtable=\count112
\c@lotdepth=\count113

****************************************
* Local config file subfigure.cfg used *
****************************************
("C:\Program Files\MiKTeX 2.7\tex\latex\subfigure\subfigure.cfg")
\subfig@top=\skip54
\subfig@bottom=\skip55
)
("C:\Program Files\MiKTeX 2.7\tex\latex\tools\array.sty"
Package: array 2005/08/23 v2.4b Tabular extension package (FMi)
\col@sep=\dimen125
\extrarowheight=\dimen126
\NC@list=\toks23
\extratabsurround=\skip56
\backup@length=\skip57
) (Paper2.aux (conf.aux))
LaTeX Font Info:    Checking defaults for OML/cmm/m/it on input line 31.
LaTeX Font Info:    ... okay on input line 31.
LaTeX Font Info:    Checking defaults for T1/cmr/m/n on input line 31.
LaTeX Font Info:    ... okay on input line 31.
LaTeX Font Info:    Checking defaults for OT1/cmr/m/n on input line 31.
LaTeX Font Info:    ... okay on input line 31.
LaTeX Font Info:    Checking defaults for OMS/cmsy/m/n on input line 31.
LaTeX Font Info:    ... okay on input line 31.
LaTeX Font Info:    Checking defaults for OMX/cmex/m/n on input line 31.
LaTeX Font Info:    ... okay on input line 31.
LaTeX Font Info:    Checking defaults for U/cmr/m/n on input line 31.
LaTeX Font Info:    ... okay on input line 31.
 ("C:\Program Files\MiKTeX 2.7\tex\context\base\supp-pdf.tex"
[Loading MPS to PDF converter (version 2006.09.02).]
\scratchcounter=\count114
\scratchdimen=\dimen127
\scratchbox=\box32
\nofMPsegments=\count115
\nofMParguments=\count116
\everyMPshowfont=\toks24
\MPscratchCnt=\count117
\MPscratchDim=\dimen128
\MPnumerator=\count118
\everyMPtoPDFconversion=\toks25
)
*geometry auto-detecting driver*
*geometry detected driver: pdftex*
-------------------- Geometry parameters
paper: user defined
landscape: --
twocolumn: true
twoside: --
asymmetric: --
h-parts: 37.75394pt, 522.0pt, 37.75394pt
v-parts: 81.52342pt, 682.0pt, 81.52342pt
hmarginratio: 1:1
vmarginratio: 1:1
lines: --
heightrounded: --
bindingoffset: 0.0pt
truedimen: --
includehead: --
includefoot: --
includemp: --
driver: pdftex
-------------------- Page layout dimensions and switches
\paperwidth  597.50787pt
\paperheight 845.04684pt
\textwidth  522.0pt
\textheight 682.0pt
\oddsidemargin  -34.51605pt
\evensidemargin -34.51605pt
\topmargin  -52.74657pt
\headheight 50.0pt
\headsep    12.0pt
\footskip   18.0pt
\marginparwidth 4.0pt
\marginparsep   10.0pt
\columnsep  18.0pt
\skip\footins  24.0pt plus 2.0pt minus 12.0pt
\hoffset 0.0pt
\voffset 0.0pt
\mag 1000
\@twocolumntrue 
(1in=72.27pt, 1cm=28.45pt)
-----------------------

Underfull \vbox (badness 10000) has occurred while \output is active []

 [1{C:/ProgramData/MiKTeX/2.7/pdftex/config/pdftex.map}


]
Underfull \vbox (badness 10000) has occurred while \output is active []

 [2]
<images/stroke3.jpg, id=20, 208.52907pt x 148.30406pt>
File: images/stroke3.jpg Graphic file (type jpg)

<use images/stroke3.jpg> <images/vel3.jpg, id=21, 456.20438pt x 429.85594pt>
File: images/vel3.jpg Graphic file (type jpg)

<use images/vel3.jpg> <images/td3.jpg, id=22, 447.17062pt x 451.6875pt>
File: images/td3.jpg Graphic file (type jpg)

<use images/td3.jpg> <images/ppd.jpg, id=23, 161.85469pt x 136.25906pt>
File: images/ppd.jpg Graphic file (type jpg)

<use images/ppd.jpg> [3 <images/stroke3.jpg> <images/vel3.jpg> <images/td3.jpg>
] <images/flowchart.jpg, id=29, 377.91188pt x 304.88907pt>
File: images/flowchart.jpg Graphic file (type jpg)

<use images/flowchart.jpg> [4 <images/ppd.jpg> <images/flowchart.jpg>]
<images/pso1.jpg, id=33, 201.75375pt x 155.07938pt>
File: images/pso1.jpg Graphic file (type jpg)
 <use images/pso1.jpg>
[5 <images/pso1.jpg>]
LaTeX Font Info:    Try loading font information for OMS+cmr on input line 268.

 ("C:\Program Files\MiKTeX 2.7\tex\latex\base\omscmr.fd"
File: omscmr.fd 1999/05/25 v2.5h Standard LaTeX font definitions
)
LaTeX Font Info:    Font shape `OMS/cmr/m/n' in size <10> not available
(Font)              Font shape `OMS/cmsy/m/n' tried instead on input line 268.

<images/symbolSet.PNG, id=43, 257.96375pt x 171.64125pt>
File: images/symbolSet.PNG Graphic file (type png)

<use images/symbolSet.PNG>
<images/logicSet.jpg, id=44, 174.6525pt x 299.61937pt>
File: images/logicSet.jpg Graphic file (type jpg)

<use images/logicSet.jpg>
Underfull \hbox (badness 10000) in paragraph at lines 316--316
\OT1/cmr/m/n/8 Sym-bols Dataset(LD-
 []

<images/EelectImage.jpg, id=45, 262.73157pt x 295.1025pt>
File: images/EelectImage.jpg Graphic file (type jpg)

<use images/EelectImage.jpg>
Underfull \hbox (badness 10000) in paragraph at lines 319--319
[]\OT1/cmr/m/n/8 (b) The Elec-tri-cal Sym-bols
 []


Underfull \hbox (badness 10000) in paragraph at lines 340--340
[]|\OT1/cmr/m/n/10 Figure
 []


Underfull \hbox (badness 10000) in paragraph at lines 340--340
[]|\OT1/cmr/m/n/10 Figure
 []

[6] <images/swarmIterationVsParticles.jpg, id=49, 707.64375pt x 301.125pt>
File: images/swarmIterationVsParticles.jpg Graphic file (type jpg)

<use images/swarmIterationVsParticles.jpg>
<images/C1Swarm.jpg, id=50, 596.2275pt x 316.18124pt>
File: images/C1Swarm.jpg Graphic file (type jpg)
 <use images/C1Swarm.jpg>
<images/wSwarm.jpg, id=51, 575.14874pt x 335.75438pt>
File: images/wSwarm.jpg Graphic file (type jpg)
 <use images/wSwarm.jpg>
[7 <images/symbolSet.PNG (PNG copy)> <images/logicSet.jpg> <images/EelectImage.
jpg> <images/swarmIterationVsParticles.jpg> <images/C1Swarm.jpg> <images/wSwarm
.jpg>] <images/testAlg.jpg, id=57, 563.10374pt x 338.01282pt>
File: images/testAlg.jpg Graphic file (type jpg)

<use images/testAlg.jpg> <images/LDAlg.jpg, id=58, 579.66562pt x 225.09094pt>
File: images/LDAlg.jpg Graphic file (type jpg)

<use images/LDAlg.jpg> <images/AlgEL.jpg, id=59, 525.46312pt x 298.11375pt>
File: images/AlgEL.jpg Graphic file (type jpg)

<use images/AlgEL.jpg> <images/testsym.jpg, id=60, 1050.92625pt x 358.33875pt>
File: images/testsym.jpg Graphic file (type jpg)

<use images/testsym.jpg>
<images/DLSymbols.jpg, id=61, 679.78969pt x 334.24875pt>
File: images/DLSymbols.jpg Graphic file (type jpg)

<use images/DLSymbols.jpg>
<images/captionSymbols.jpg, id=62, 414.79968pt x 35.38219pt>
File: images/captionSymbols.jpg Graphic file (type jpg)

<use images/captionSymbols.jpg> (conf.tex)
Underfull \vbox (badness 10000) has occurred while \output is active []


<images/featuresdifference.jpg, id=63, 691.08188pt x 292.84406pt>
File: images/featuresdifference.jpg Graphic file (type jpg)

<use images/featuresdifference.jpg>
<images/FeatEl.jpg, id=64, 1434.86063pt x 371.13657pt>
File: images/FeatEl.jpg Graphic file (type jpg)
 <use images/FeatEl.jpg>
<images/OnlyF1EL.jpg, id=65, 788.9475pt x 366.61969pt>
File: images/OnlyF1EL.jpg Graphic file (type jpg)

<use images/OnlyF1EL.jpg> [8 <images/testAlg.jpg> <images/LDAlg.jpg> <images/Al
gEL.jpg>] [9


 <images/testsym.jpg> <images/DLSymbols.jpg> <images/captionSymbols.jpg>] [10 <
images/featuresdifference.jpg> <images/FeatEl.jpg> <images/OnlyF1EL.jpg>]

LaTeX Warning: No positions in optional float specifier.
               Default added (so using `tbp') on input line 424.

<images/strokebefore.jpg, id=75, 155.07938pt x 138.5175pt>
File: images/strokebefore.jpg Graphic file (type jpg)

<use images/strokebefore.jpg>
<images/strokeafter.jpg, id=76, 174.6525pt x 132.495pt>
File: images/strokeafter.jpg Graphic file (type jpg)

<use images/strokeafter.jpg>
<images/results3.jpg, id=77, 350.81062pt x 225.09094pt>
File: images/results3.jpg Graphic file (type jpg)

<use images/results3.jpg> (Paper2.bbl
Overfull \hbox (41.0421pt too wide) in paragraph at lines 38--42
\OT1/cmr/m/n/8 URL \OT1/cmtt/m/n/8 http://www.citebase.org/abstract?id=oai:arXi
v.org:cs/0301001 
 []

[11 <images/strokebefore.jpg> <images/strokeafter.jpg> <images/results3.jpg>]
Overfull \hbox (62.2924pt too wide) in paragraph at lines 103--109
\OT1/cmr/m/n/8 URL \OT1/cmtt/m/n/8 http://dblp.uni-trier.de/db/conf/ijcnn/ijcnn
2008.htmlRefaatHAAA08 
 []

) [12

] (Paper2.aux (conf.aux)) ) 
Here is how much of TeX's memory you used:
 2939 strings out of 95304
 36861 string characters out of 1183070
 112859 words of memory out of 1500000
 6093 multiletter control sequences out of 110000
 9231 words of font info for 33 fonts, out of 3000000 for 5000
 14 hyphenation exceptions out of 8191
 32i,14n,30p,2244b,276s stack positions out of 5000i,500n,10000p,200000b,50000s
<C:/Program Files/MiKTeX 2.7/fonts/type1/bluesky/cm/
cmbx10.pfb><C:/Program Files/MiKTeX 2.7/fonts/type1/bluesky/cm/cmex10.pfb><C:/P
rogram Files/MiKTeX 2.7/fonts/type1/bluesky/cm/cmmi10.pfb><C:/Program Files/MiK
TeX 2.7/fonts/type1/bluesky/cm/cmmi5.pfb><C:/Program Files/MiKTeX 2.7/fonts/typ
e1/bluesky/cm/cmmi6.pfb><C:/Program Files/MiKTeX 2.7/fonts/type1/bluesky/cm/cmm
i7.pfb><C:/Program Files/MiKTeX 2.7/fonts/type1/bluesky/cm/cmmi8.pfb><C:/Progra
m Files/MiKTeX 2.7/fonts/type1/bluesky/cm/cmr10.pfb><C:/Program Files/MiKTeX 2.
7/fonts/type1/bluesky/cm/cmr12.pfb><C:/Program Files/MiKTeX 2.7/fonts/type1/blu
esky/cm/cmr5.pfb><C:/Program Files/MiKTeX 2.7/fonts/type1/bluesky/cm/cmr6.pfb><
C:/Program Files/MiKTeX 2.7/fonts/type1/bluesky/cm/cmr7.pfb><C:/Program Files/M
iKTeX 2.7/fonts/type1/bluesky/cm/cmr8.pfb><C:/Program Files/MiKTeX 2.7/fonts/ty
pe1/bluesky/cm/cmsl10.pfb><C:/Program Files/MiKTeX 2.7/fonts/type1/bluesky/cm/c
msy10.pfb><C:/Program Files/MiKTeX 2.7/fonts/type1/bluesky/cm/cmsy7.pfb><C:/Pro
gram Files/MiKTeX 2.7/fonts/type1/bluesky/cm/cmti10.pfb><C:/Program Files/MiKTe
X 2.7/fonts/type1/bluesky/cm/cmti7.pfb><C:/Program Files/MiKTeX 2.7/fonts/type1
/bluesky/cm/cmti8.pfb><C:/Program Files/MiKTeX 2.7/fonts/type1/bluesky/cm/cmtt8
.pfb>
Output written on Paper2.pdf (12 pages, 1313682 bytes).
PDF statistics:
 148 PDF objects out of 1000 (max. 8388607)
 0 named destinations out of 1000 (max. 131072)
 121 words of extra memory for PDF output out of 10000 (max. 10000000)

