This is pdfTeX, Version 3.1415926-1.40.8-alpha-20080323 (MiKTeX 2.7) (preloaded format=pdflatex 2008.6.19)  17 JUL 2008 13:56
entering extended mode
**F:/sketch/Mywritings/latexdocuments/Paper1Master/outline.tex
(F:/sketch/Mywritings/latexdocuments/Paper1Master/outline.tex
LaTeX2e <2005/12/01>
Babel <v3.8j> and hyphenation patterns for english, dumylang, nohyphenation, ge
rman, ngerman, french, loaded.
(IEEEconf.cls
Document Class: IEEEconf 2007/01/15 v1.3b IEEE Computer Society 8.5x11" confere
nce proceedings
("e:\Program Files\MiKTeX 2.7\tex\latex\base\article.cls"
Document Class: article 2005/09/16 v1.4f Standard LaTeX document class
("e:\Program Files\MiKTeX 2.7\tex\latex\base\size10.clo"
File: size10.clo 2005/09/16 v1.4f Standard LaTeX file (size option)
)
\c@part=\count79
\c@section=\count80
\c@subsection=\count81
\c@subsubsection=\count82
\c@paragraph=\count83
\c@subparagraph=\count84
\c@figure=\count85
\c@table=\count86
\abovecaptionskip=\skip41
\belowcaptionskip=\skip42
\bibindent=\dimen102
)
("e:\Program Files\MiKTeX 2.7\tex\latex\geometry\geometry.sty"
Package: geometry 2002/07/08 v3.2 Page Geometry

("e:\Program Files\MiKTeX 2.7\tex\latex\graphics\keyval.sty"
Package: keyval 1999/03/16 v1.13 key=value parser (DPC)
\KV@toks@=\toks14
)
\Gm@cnth=\count87
\Gm@cntv=\count88
\c@Gm@tempcnt=\count89
\Gm@bindingoffset=\dimen103
\Gm@wd@mp=\dimen104
\Gm@odd@mp=\dimen105
\Gm@even@mp=\dimen106
\Gm@dimlist=\toks15

("e:\Program Files\MiKTeX 2.7\tex\latex\geometry\geometry.cfg"))
("e:\Program Files\MiKTeX 2.7\tex\latex\psnfss\mathptmx.sty"
Package: mathptmx 2005/04/12 PSNFSS-v9.2a Times w/ Math, improved (SPQR, WaS) 
LaTeX Font Info:    Redeclaring symbol font `operators' on input line 28.
LaTeX Font Info:    Overwriting symbol font `operators' in version `normal'
(Font)                  OT1/cmr/m/n --> OT1/ztmcm/m/n on input line 28.
LaTeX Font Info:    Overwriting symbol font `operators' in version `bold'
(Font)                  OT1/cmr/bx/n --> OT1/ztmcm/m/n on input line 28.
LaTeX Font Info:    Redeclaring symbol font `letters' on input line 29.
LaTeX Font Info:    Overwriting symbol font `letters' in version `normal'
(Font)                  OML/cmm/m/it --> OML/ztmcm/m/it on input line 29.
LaTeX Font Info:    Overwriting symbol font `letters' in version `bold'
(Font)                  OML/cmm/b/it --> OML/ztmcm/m/it on input line 29.
LaTeX Font Info:    Redeclaring symbol font `symbols' on input line 30.
LaTeX Font Info:    Overwriting symbol font `symbols' in version `normal'
(Font)                  OMS/cmsy/m/n --> OMS/ztmcm/m/n on input line 30.
LaTeX Font Info:    Overwriting symbol font `symbols' in version `bold'
(Font)                  OMS/cmsy/b/n --> OMS/ztmcm/m/n on input line 30.
LaTeX Font Info:    Redeclaring symbol font `largesymbols' on input line 31.
LaTeX Font Info:    Overwriting symbol font `largesymbols' in version `normal'
(Font)                  OMX/cmex/m/n --> OMX/ztmcm/m/n on input line 31.
LaTeX Font Info:    Overwriting symbol font `largesymbols' in version `bold'
(Font)                  OMX/cmex/m/n --> OMX/ztmcm/m/n on input line 31.
\symbold=\mathgroup4
\symitalic=\mathgroup5
LaTeX Font Info:    Redeclaring math alphabet \mathbf on input line 34.
LaTeX Font Info:    Overwriting math alphabet `\mathbf' in version `normal'
(Font)                  OT1/cmr/bx/n --> OT1/ptm/bx/n on input line 34.
LaTeX Font Info:    Overwriting math alphabet `\mathbf' in version `bold'
(Font)                  OT1/cmr/bx/n --> OT1/ptm/bx/n on input line 34.
LaTeX Font Info:    Redeclaring math alphabet \mathit on input line 35.
LaTeX Font Info:    Overwriting math alphabet `\mathit' in version `normal'
(Font)                  OT1/cmr/m/it --> OT1/ptm/m/it on input line 35.
LaTeX Font Info:    Overwriting math alphabet `\mathit' in version `bold'
(Font)                  OT1/cmr/bx/it --> OT1/ptm/m/it on input line 35.
LaTeX Info: Redefining \hbar on input line 50.
)
("e:\Program Files\MiKTeX 2.7\tex\latex\psnfss\helvet.sty"
Package: helvet 2005/04/12 PSNFSS-v9.2a (WaS) 
)
("e:\Program Files\MiKTeX 2.7\tex\latex\psnfss\courier.sty"
Package: courier 2005/04/12 PSNFSS-v9.2a (WaS) 
)
("e:\Program Files\MiKTeX 2.7\tex\latex\tools\array.sty"
Package: array 2005/08/23 v2.4b Tabular extension package (FMi)
\col@sep=\dimen107
\extrarowheight=\dimen108
\NC@list=\toks16
\extratabsurround=\skip43
\backup@length=\skip44
)
\ieee@author@width=\skip45

("e:\Program Files\MiKTeX 2.7\tex\latex\titlesec\titlesec.sty"
Package: titlesec 2007/08/12 v2.8 Sectioning titles
\ttl@box=\box26
\beforetitleunit=\skip46
\aftertitleunit=\skip47
\ttl@plus=\dimen109
\ttl@minus=\dimen110
\ttl@toksa=\toks17
\titlewidth=\dimen111
\titlewidthlast=\dimen112
\titlewidthfirst=\dimen113
))
("e:\Program Files\MiKTeX 2.7\tex\latex\base\inputenc.sty"
Package: inputenc 2006/05/05 v1.1b Input encoding file
\inpenc@prehook=\toks18
\inpenc@posthook=\toks19

("e:\Program Files\MiKTeX 2.7\tex\latex\base\latin1.def"
File: latin1.def 2006/05/05 v1.1b Input encoding file
))
("e:\Program Files\MiKTeX 2.7\tex\generic\babel\babel.sty"
Package: babel 2008/03/16 v3.8j The Babel package

*************************************
* Local config file bblopts.cfg used
*
("e:\Program Files\MiKTeX 2.7\tex\latex\00miktex\bblopts.cfg"
File: bblopts.cfg 2006/07/31 v1.0 MiKTeX 'babel' configuration
)
("e:\Program Files\MiKTeX 2.7\tex\generic\babel\english.ldf"
Language: english 2005/03/30 v3.3o English support from the babel system

("e:\Program Files\MiKTeX 2.7\tex\generic\babel\babel.def"
File: babel.def 2008/03/16 v3.8j Babel common definitions
\babel@savecnt=\count90
\U@D=\dimen114
)
\l@british = a dialect from \language\l@english 
\l@UKenglish = a dialect from \language\l@english 
\l@canadian = a dialect from \language\l@american 
\l@australian = a dialect from \language\l@british 
\l@newzealand = a dialect from \language\l@british 
))
("e:\Program Files\MiKTeX 2.7\tex\latex\graphics\graphicx.sty"
Package: graphicx 1999/02/16 v1.0f Enhanced LaTeX Graphics (DPC,SPQR)

("e:\Program Files\MiKTeX 2.7\tex\latex\graphics\graphics.sty"
Package: graphics 2006/02/20 v1.0o Standard LaTeX Graphics (DPC,SPQR)

("e:\Program Files\MiKTeX 2.7\tex\latex\graphics\trig.sty"
Package: trig 1999/03/16 v1.09 sin cos tan (DPC)
)
("e:\Program Files\MiKTeX 2.7\tex\latex\00miktex\graphics.cfg"
File: graphics.cfg 2007/01/18 v1.5 graphics configuration of teTeX/TeXLive
)
Package graphics Info: Driver file: pdftex.def on input line 90.

("e:\Program Files\MiKTeX 2.7\tex\latex\graphics\pdftex.def"
File: pdftex.def 2007/06/12 v0.04h Graphics/color for pdfTeX
\Gread@gobject=\count91
))
\Gin@req@height=\dimen115
\Gin@req@width=\dimen116
)
("e:\Program Files\MiKTeX 2.7\tex\latex\subfigure\subfigure.sty"
Package: subfigure 2002/07/30 v2.1.4 subfigure package
\subfigtopskip=\skip48
\subfigcapskip=\skip49
\subfigcaptopadj=\dimen117
\subfigbottomskip=\skip50
\subfigcapmargin=\dimen118
\subfiglabelskip=\skip51
\c@subfigure=\count92
\c@lofdepth=\count93
\c@subtable=\count94
\c@lotdepth=\count95

****************************************
* Local config file subfigure.cfg used *
****************************************
("e:\Program Files\MiKTeX 2.7\tex\latex\subfigure\subfigure.cfg")
\subfig@top=\skip52
\subfig@bottom=\skip53
) (named.sty
Named Citation Style, version of 30 November 1994
) ("e:\Program Files\MiKTeX 2.7\tex\latex\hyperref\hyperref.sty"
Package: hyperref 2008/04/24 v6.77u Hypertext links for LaTeX

("e:\Program Files\MiKTeX 2.7\tex\latex\oberdiek\hycolor.sty"
Package: hycolor 2007/04/11 v1.1 Code for color options of hyperref/bookmark (H
O)
)
\@linkdim=\dimen119
\Hy@linkcounter=\count96
\Hy@pagecounter=\count97

("e:\Program Files\MiKTeX 2.7\tex\latex\hyperref\pd1enc.def"
File: pd1enc.def 2008/04/24 v6.77u Hyperref: PDFDocEncoding definition (HO)
)
("e:\Program Files\MiKTeX 2.7\tex\generic\oberdiek\etexcmds.sty"
Package: etexcmds 2007/12/12 v1.2 Prefix for e-TeX command names (HO)

("e:\Program Files\MiKTeX 2.7\tex\generic\oberdiek\infwarerr.sty"
Package: infwarerr 2007/09/09 v1.2 Providing info/warning/message (HO)
)
Package etexcmds Info: Could not find \expanded.
(etexcmds)             That can mean that you are not using pdfTeX 1.50 or
(etexcmds)             that some package has redefined \expanded.
(etexcmds)             In the latter case, load this package earlier.
)
("e:\Program Files\MiKTeX 2.7\tex\latex\00miktex\hyperref.cfg"
File: hyperref.cfg 2002/06/06 v1.2 hyperref configuration of TeXLive
)
("e:\Program Files\MiKTeX 2.7\tex\latex\oberdiek\kvoptions.sty"
Package: kvoptions 2007/10/18 v3.0 Keyval support for LaTeX options (HO)
)
Package hyperref Info: Hyper figures OFF on input line 2892.
Package hyperref Info: Link nesting OFF on input line 2897.
Package hyperref Info: Hyper index ON on input line 2900.
Package hyperref Info: Plain pages OFF on input line 2907.
Package hyperref Info: Backreferencing OFF on input line 2912.

Implicit mode ON; LaTeX internals redefined
Package hyperref Info: Bookmarks ON on input line 3071.
("e:\Program Files\MiKTeX 2.7\tex\latex\ltxmisc\url.sty"
\Urlmuskip=\muskip10
Package: url 2006/04/12  ver 3.3  Verb mode for urls, etc.
)
LaTeX Info: Redefining \url on input line 3255.

("e:\Program Files\MiKTeX 2.7\tex\generic\oberdiek\bitset.sty"
Package: bitset 2007/09/28 v1.0 Data type bit set (HO)

("e:\Program Files\MiKTeX 2.7\tex\generic\oberdiek\intcalc.sty"
Package: intcalc 2007/09/27 v1.1 Expandable integer calculations (HO)
)
("e:\Program Files\MiKTeX 2.7\tex\generic\oberdiek\bigintcalc.sty"
Package: bigintcalc 2007/11/11 v1.1 Expandable big integer calculations (HO)

("e:\Program Files\MiKTeX 2.7\tex\generic\oberdiek\pdftexcmds.sty"
Package: pdftexcmds 2007/12/12 v0.3 LuaTeX support for pdfTeX utility functions
 (HO)
Package pdftexcmds Info: LuaTeX not detected on input line 139.
)))
("e:\Program Files\MiKTeX 2.7\tex\generic\oberdiek\kvsetkeys.sty"
Package: kvsetkeys 2007/09/29 v1.3 Key value parser with default handler suppor
t (HO)
)
\Fld@menulength=\count98
\Field@Width=\dimen120
\Fld@charsize=\dimen121
\Field@toks=\toks20
Package hyperref Info: Hyper figures OFF on input line 4169.
Package hyperref Info: Link nesting OFF on input line 4174.
Package hyperref Info: Hyper index ON on input line 4177.
Package hyperref Info: backreferencing OFF on input line 4184.
Package hyperref Info: Link coloring OFF on input line 4189.
Package hyperref Info: Link coloring with OCG OFF on input line 4194.
Package hyperref Info: PDF/A mode OFF on input line 4199.

("e:\Program Files\MiKTeX 2.7\tex\generic\oberdiek\atbegshi.sty"
Package: atbegshi 2007/09/09 v1.6 At begin shipout hook (HO)

("e:\Program Files\MiKTeX 2.7\tex\generic\oberdiek\ifpdf.sty"
Package: ifpdf 2007/12/12 v1.6 Provides the ifpdf switch (HO)
Package ifpdf Info: pdfTeX in pdf mode detected.
))
\Hy@abspage=\count99
\c@Item=\count100
\c@Hfootnote=\count101
)
*hyperref using driver hpdftex*
("e:\Program Files\MiKTeX 2.7\tex\latex\hyperref\hpdftex.def"
File: hpdftex.def 2008/04/24 v6.77u Hyperref driver for pdfTeX
\Fld@listcount=\count102
) (outline.aux)
LaTeX Font Info:    Checking defaults for OML/cmm/m/it on input line 18.
LaTeX Font Info:    ... okay on input line 18.
LaTeX Font Info:    Checking defaults for T1/cmr/m/n on input line 18.
LaTeX Font Info:    ... okay on input line 18.
LaTeX Font Info:    Checking defaults for OT1/cmr/m/n on input line 18.
LaTeX Font Info:    ... okay on input line 18.
LaTeX Font Info:    Checking defaults for OMS/cmsy/m/n on input line 18.
LaTeX Font Info:    ... okay on input line 18.
LaTeX Font Info:    Checking defaults for OMX/cmex/m/n on input line 18.
LaTeX Font Info:    ... okay on input line 18.
LaTeX Font Info:    Checking defaults for U/cmr/m/n on input line 18.
LaTeX Font Info:    ... okay on input line 18.
LaTeX Font Info:    Checking defaults for PD1/pdf/m/n on input line 18.
LaTeX Font Info:    ... okay on input line 18.
LaTeX Font Info:    Try loading font information for OT1+ptm on input line 18.

("e:\Program Files\MiKTeX 2.7\tex\latex\psnfss\ot1ptm.fd"
File: ot1ptm.fd 2001/06/04 font definitions for OT1/ptm.
)
-------------------- Geometry parameters
paper: a4paper
landscape: --
twocolumn: true
twoside: --
asymmetric: --
h-parts: 63.87643pt, 469.75499pt, 63.87645pt
v-parts: 72.26999pt, 641.39624pt, 131.38062pt
hmarginratio: 1:1
vmarginratio: --
lines: --
heightrounded: --
bindingoffset: 0.0pt
truedimen: --
includehead: --
includefoot: --
includemp: --
driver: pdftex
-------------------- Page layout dimensions and switches
\paperwidth  597.50787pt
\paperheight 845.04684pt
\textwidth  469.75499pt
\textheight 641.39624pt
\oddsidemargin  -8.39355pt
\evensidemargin -8.39355pt
\topmargin  0.0pt
\headheight 0.0pt
\headsep    0.0pt
\footskip   0.0pt
\marginparwidth 4.0pt
\marginparsep   10.0pt
\columnsep  27.10124pt
\skip\footins  9.0pt plus 4.0pt minus 2.0pt
\hoffset 0.0pt
\voffset 0.0pt
\mag 1000
\@twocolumntrue 
(1in=72.27pt, 1cm=28.45pt)
-----------------------
\big@size=\dimen122

("e:\Program Files\MiKTeX 2.7\tex\context\base\supp-pdf.tex"
[Loading MPS to PDF converter (version 2006.09.02).]
\scratchcounter=\count103
\scratchdimen=\dimen123
\scratchbox=\box27
\nofMPsegments=\count104
\nofMParguments=\count105
\everyMPshowfont=\toks21
\MPscratchCnt=\count106
\MPscratchDim=\dimen124
\MPnumerator=\count107
\everyMPtoPDFconversion=\toks22
)
Package hyperref Info: Link coloring OFF on input line 18.
 ("e:\Program Files\MiKTeX 2.7\tex\latex\hyperref\nameref.sty"
Package: nameref 2007/05/29 v2.31 Cross-referencing by name of section

("e:\Program Files\MiKTeX 2.7\tex\latex\oberdiek\refcount.sty"
Package: refcount 2006/02/20 v3.0 Data extraction from references (HO)
)
\c@section@level=\count108
)
LaTeX Info: Redefining \ref on input line 18.
LaTeX Info: Redefining \pageref on input line 18.
 (outline.out)
(outline.out)
\@outlinefile=\write3
\AtBeginShipoutBox=\box28
LaTeX Font Info:    Font shape `OT1/ptm/bx/n' in size <10> not available
(Font)              Font shape `OT1/ptm/b/n' tried instead on input line 20.
LaTeX Font Info:    Font shape `OT1/ptm/bx/n' in size <14> not available
(Font)              Font shape `OT1/ptm/b/n' tried instead on input line 20.
LaTeX Font Info:    Try loading font information for OT1+ztmcm on input line 20
.
 ("e:\Program Files\MiKTeX 2.7\tex\latex\psnfss\ot1ztmcm.fd"
File: ot1ztmcm.fd 2000/01/03 Fontinst v1.801 font definitions for OT1/ztmcm.
)
LaTeX Font Info:    Try loading font information for OML+ztmcm on input line 20
.

("e:\Program Files\MiKTeX 2.7\tex\latex\psnfss\omlztmcm.fd"
File: omlztmcm.fd 2000/01/03 Fontinst v1.801 font definitions for OML/ztmcm.
)
LaTeX Font Info:    Try loading font information for OMS+ztmcm on input line 20
.

("e:\Program Files\MiKTeX 2.7\tex\latex\psnfss\omsztmcm.fd"
File: omsztmcm.fd 2000/01/03 Fontinst v1.801 font definitions for OMS/ztmcm.
)
LaTeX Font Info:    Try loading font information for OMX+ztmcm on input line 20
.

("e:\Program Files\MiKTeX 2.7\tex\latex\psnfss\omxztmcm.fd"
File: omxztmcm.fd 2000/01/03 Fontinst v1.801 font definitions for OMX/ztmcm.
)
LaTeX Font Info:    Font shape `OT1/ptm/bx/n' in size <12> not available
(Font)              Font shape `OT1/ptm/b/n' tried instead on input line 20.
LaTeX Font Info:    Font shape `OT1/ptm/bx/n' in size <9> not available
(Font)              Font shape `OT1/ptm/b/n' tried instead on input line 20.
LaTeX Font Info:    Font shape `OT1/ptm/bx/n' in size <7> not available
(Font)              Font shape `OT1/ptm/b/n' tried instead on input line 20.

Underfull \hbox (badness 1142) in paragraph at lines 26--31
[]\OT1/ptm/m/n/10 Scientists in gen-eral and en-gi-neers specif-i-cally
 []


Underfull \hbox (badness 1087) in paragraph at lines 26--31
\OT1/ptm/m/n/10 of com-mu-ni-ca-tion rather than writ-ing or speak-ing.
 []


Underfull \hbox (badness 1264) in paragraph at lines 26--31
\OT1/ptm/m/n/10 The next sec-tion will re-late pre-vi-ous work in the
 []


Underfull \hbox (badness 10000) in paragraph at lines 26--31

 []


Underfull \hbox (badness 10000) in paragraph at lines 33--37

 []


Underfull \hbox (badness 10000) in paragraph at lines 42--49
[]\OT1/ptm/m/n/10 Many dif-fer-ent ap-proaches have been in-
 []


Underfull \hbox (badness 6608) in paragraph at lines 42--49
\OT1/ptm/m/n/10 ves-ti-gated to achieve fi-nal recog-ni-tion of sym-
 []


Underfull \hbox (badness 10000) in paragraph at lines 42--49
\OT1/ptm/m/n/10 bols. Graph search-ing and tem-plate match-
 []


Underfull \hbox (badness 10000) in paragraph at lines 42--49
\OT1/ptm/m/n/10 ing where used in [] []Cal-houn \OT1/ptm/m/it/10 et al.\OT1/ptm
/m/n/10 , 2002[];
 []


Underfull \hbox (badness 2376) in paragraph at lines 42--49
[]\OT1/ptm/m/n/10 Lee \OT1/ptm/m/it/10 et al.\OT1/ptm/m/n/10 , 2007[][], where 
a graph of the drawn
 []


Underfull \hbox (badness 10000) in paragraph at lines 42--49
\OT1/ptm/m/n/10 sym-bol is gen-er-ated and matched to stored
 []


Underfull \hbox (badness 8151) in paragraph at lines 42--49
\OT1/ptm/m/n/10 set of graphs tem-plates to reach a clas-si-fi-ca-
 []


Underfull \hbox (badness 6016) in paragraph at lines 42--49
\OT1/ptm/m/n/10 tion. Ge-o-met-ri-cal and spa-tial de-scrip-tive lan-
 []


Underfull \hbox (badness 3396) in paragraph at lines 42--49
\OT1/ptm/m/n/10 guage was used in [] []Al-varado and Davis, 2007[];
 []


Underfull \hbox (badness 2096) in paragraph at lines 42--49
[]\OT1/ptm/m/n/10 Ham-mond and Davis, 2003[][] where a parser like
 []


Underfull \hbox (badness 10000) in paragraph at lines 42--49
\OT1/ptm/m/n/10 ar-chi-tec-ture was used to rec-og-nize sym-bols .
 []


Underfull \hbox (badness 6675) in paragraph at lines 42--49
[]\OT1/ptm/m/n/10 Kara and Sta-hovich[] used train-able im-age tem-
 []


Underfull \hbox (badness 1102) in paragraph at lines 42--49
\OT1/ptm/m/n/10 Sta-hovich, 2005[][] . The use of SVM and HMM
 []


Underfull \hbox (badness 10000) in paragraph at lines 42--49

 []

[1{H:/Documents and Settings/All Users/Application Data/MiKTeX/2.7/pdftex/confi
g/pdftex.map}


]
LaTeX Font Info:    Font shape `OT1/ptm/bx/n' in size <11> not available
(Font)              Font shape `OT1/ptm/b/n' tried instead on input line 49.
LaTeX Font Info:    Font shape `OT1/ptm/bx/n' in size <7.4> not available
(Font)              Font shape `OT1/ptm/b/n' tried instead on input line 52.
LaTeX Font Info:    Font shape `OT1/ptm/bx/n' in size <6> not available
(Font)              Font shape `OT1/ptm/b/n' tried instead on input line 52.


LaTeX Warning: No positions in optional float specifier.
               Default added (so using `tbp') on input line 86.

<images/Blockdiagram.pdf, id=101, 689.57625pt x 519.9425pt>
File: images/Blockdiagram.pdf Graphic file (type pdf)

<use images/Blockdiagram.pdf>
Overfull \hbox (20.02843pt too wide) in paragraph at lines 88--89
 [][] 
 []

LaTeX Font Info:    Try loading font information for OT1+phv on input line 89.
("e:\Program Files\MiKTeX 2.7\tex\latex\psnfss\ot1phv.fd"
File: ot1phv.fd 2001/06/04 scalable font definitions for OT1/phv.
)
LaTeX Font Info:    Font shape `OT1/phv/bx/n' in size <10> not available
(Font)              Font shape `OT1/phv/b/n' tried instead on input line 89.

Underfull \hbox (badness 10000) in paragraph at lines 95--96

 []


LaTeX Warning: No positions in optional float specifier.
               Default added (so using `tbp') on input line 105.

<images/orignalStroke.pdf, id=106, 256.96pt x 174.6525pt>
File: images/orignalStroke.pdf Graphic file (type pdf)

<use images/orignalStroke.pdf>

LaTeX Warning: No positions in optional float specifier.
               Default added (so using `tbp') on input line 112.

<images/speed2.pdf, id=107, 534.99875pt x 510.90875pt>
File: images/speed2.pdf Graphic file (type pdf)
 <use images/speed2.pdf>
<images/direction2.pdf, id=108, 444.66125pt x 425.59pt>
File: images/direction2.pdf Graphic file (type pdf)

<use images/direction2.pdf>
<images/curvature2.pdf, id=109, 445.665pt x 427.5975pt>
File: images/curvature2.pdf Graphic file (type pdf)

<use images/curvature2.pdf>
<images/time2.pdf, id=110, 446.66875pt x 426.59375pt>
File: images/time2.pdf Graphic file (type pdf)
 <use images/time2.pdf>
Overfull \hbox (1.90001pt too wide) in paragraph at lines 113--125
[][] [] 
 []


Underfull \vbox (badness 1675) has occurred while \output is active []

 [2 <images/Blockdiagram.pdf>]
Underfull \hbox (badness 10000) in paragraph at lines 136--138

 []


Underfull \vbox (badness 2529) has occurred while \output is active []


Underfull \hbox (badness 10000) in paragraph at lines 140--142

 []

[3 <images/speed2.pdf> <images/direction2.pdf> <images/curvature2.pdf> <images/
time2.pdf> <images/orignalStroke.pdf>]
Underfull \hbox (badness 10000) in paragraph at lines 160--163

 []


Underfull \hbox (badness 1286) in paragraph at lines 173--179
\OT1/ptm/m/n/10 er-ror is com-puted by equa-tion []7[] where M is the
 []


Underfull \hbox (badness 10000) in paragraph at lines 173--179

 []


Underfull \hbox (badness 10000) in paragraph at lines 193--223

 []


LaTeX Warning: No positions in optional float specifier.
               Default added (so using `tbp') on input line 226.

<images/symbolSet.pdf, id=170, 192.72pt x 129.48375pt>
File: images/symbolSet.pdf Graphic file (type pdf)

<use images/symbolSet.pdf>

LaTeX Warning: No positions in optional float specifier.
               Default added (so using `tbp') on input line 232.

<images/test1.pdf, id=171, 653.44125pt x 384.43625pt>
File: images/test1.pdf Graphic file (type pdf)
 <use images/test1.pdf>
Underfull \hbox (badness 10000) in paragraph at lines 224--240

 []

[4 <images/symbolSet.pdf>]

LaTeX Warning: No positions in optional float specifier.
               Default added (so using `tbp') on input line 242.

<images/test2.pdf, id=195, 788.9475pt x 426.59375pt>
File: images/test2.pdf Graphic file (type pdf)
 <use images/test2.pdf>

LaTeX Warning: No positions in optional float specifier.
               Default added (so using `tbp') on input line 249.

<images/test1.png, id=198, 386.94562pt x 253.69781pt>
File: images/test1.png Graphic file (type png)
 <use images/test1.png>
(outline.bbl
LaTeX Font Info:    Try loading font information for OT1+pcr on input line 17.
 ("e:\Program Files\MiKTeX 2.7\tex\latex\psnfss\ot1pcr.fd"
File: ot1pcr.fd 2001/06/04 font definitions for OT1/pcr.
)
LaTeX Font Info:    Font shape `OT1/ptm/bx/n' in size <5> not available
(Font)              Font shape `OT1/ptm/b/n' tried instead on input line 17.

Underfull \hbox (badness 4205) in paragraph at lines 15--18
[]\OT1/ptm/m/n/9 Chih-Chung Chang and Chih-Jen
 []


Underfull \hbox (badness 10000) in paragraph at lines 41--45
[]\OT1/ptm/m/n/9 Heloise Hwawen Hse and
 []


Underfull \hbox (badness 1565) in paragraph at lines 41--45
\OT1/ptm/m/n/9 A. Richard New-ton.  Recog-ni-tion and beau-ti-fi-ca-tion
 []


Underfull \hbox (badness 10000) in paragraph at lines 47--50
[]\OT1/ptm/m/n/9 Levent Bu-rak Kara and
 []


Underfull \hbox (badness 3930) in paragraph at lines 47--50
\OT1/ptm/m/n/9 Thomas F. Sta-hovich.  An image-based, train-able
 []


Underfull \hbox (badness 1533) in paragraph at lines 53--56
[]\OT1/ptm/m/n/9 WeeSan Lee, Lev-ent Bu-rak Kara, and
 []

[5 <images/test1.pdf> <images/test1.png (PNG copy)>]
Underfull \hbox (badness 4036) in paragraph at lines 87--91
[]\OT1/ptm/m/n/9 Tevfik Metin Sez-gin, Thomas Sta-
 []

) [6

 <images/test2.pdf>] (outline.aux)

LaTeX Warning: Label(s) may have changed. Rerun to get cross-references right.

 ) 
Here is how much of TeX's memory you used:
 5474 strings out of 95337
 76460 string characters out of 1184062
 151218 words of memory out of 1500000
 8493 multiletter control sequences out of 110000
 44432 words of font info for 88 fonts, out of 1200000 for 2000
 14 hyphenation exceptions out of 8191
 36i,10n,29p,1032b,425s stack positions out of 5000i,500n,10000p,200000b,5000s
{e:/Program Files/MiKTeX 2.7/fonts/enc/dvips/fontname/8r.enc}<e:/Program File
s/MiKTeX 2.7/fonts/type1/bluesky/cm/cmex10.pfb><e:/Program Files/MiKTeX 2.7/fon
ts/type1/bluesky/cm/cmmi10.pfb><e:/Program Files/MiKTeX 2.7/fonts/type1/bluesky
/cm/cmr10.pfb><e:/Program Files/MiKTeX 2.7/fonts/type1/bluesky/cm/cmsy10.pfb><e
:/Program Files/MiKTeX 2.7/fonts/type1/urw/courier/ucrr8a.pfb><e:/Program Files
/MiKTeX 2.7/fonts/type1/urw/helvetic/uhvb8a.pfb><e:/Program Files/MiKTeX 2.7/fo
nts/type1/urw/symbol/usyr.pfb><e:/Program Files/MiKTeX 2.7/fonts/type1/urw/symb
ol/usyr.pfb><e:/Program Files/MiKTeX 2.7/fonts/type1/urw/times/utmb8a.pfb><e:/P
rogram Files/MiKTeX 2.7/fonts/type1/urw/times/utmr8a.pfb><e:/Program Files/MiKT
eX 2.7/fonts/type1/urw/times/utmri8a.pfb>
Output written on outline.pdf (6 pages, 720608 bytes).
PDF statistics:
 268 PDF objects out of 1000 (max. 8388607)
 56 named destinations out of 1000 (max. 131072)
 179 words of extra memory for PDF output out of 10000 (max. 10000000)

