This is pdfTeX, Version 3.141592-1.40.3 (Web2C 7.5.6) (format=pdflatex 2009.5.10)  16 JUN 2009 01:33
entering extended mode
**Paper2.tex
(./Paper2.tex
LaTeX2e <2005/12/01>
Babel <v3.8h> and hyphenation patterns for english, usenglishmax, dumylang, noh
yphenation, basque, bulgarian, coptic, welsh, czech, slovak, german, ngerman, d
anish, esperanto, spanish, catalan, galician, estonian, finnish, french, greek,
 monogreek, ancientgreek, croatian, hungarian, interlingua, ibycus, indonesian,
 icelandic, italian, latin, mongolian, dutch, norsk, polish, portuguese, romani
an, russian, slovenian, uppersorbian, serbian, swedish, turkish, ukenglish, ukr
ainian, loaded.
(./elsarticle.cls
Document Class: elsarticle 2008/05/22, 1.0.1: Elsevier Science
\@bls=\dimen102
(/usr/share/texmf/tex/latex/base/article.cls
Document Class: article 2005/09/16 v1.4f Standard LaTeX document class
(/usr/share/texmf/tex/latex/base/size10.clo
File: size10.clo 2005/09/16 v1.4f Standard LaTeX file (size option)
)
\c@part=\count79
\c@section=\count80
\c@subsection=\count81
\c@subsubsection=\count82
\c@paragraph=\count83
\c@subparagraph=\count84
\c@figure=\count85
\c@table=\count86
\abovecaptionskip=\skip41
\belowcaptionskip=\skip42
\bibindent=\dimen103
)
(/usr/share/texmf/tex/latex/graphics/graphicx.sty
Package: graphicx 1999/02/16 v1.0f Enhanced LaTeX Graphics (DPC,SPQR)

(/usr/share/texmf/tex/latex/graphics/keyval.sty
Package: keyval 1999/03/16 v1.13 key=value parser (DPC)
\KV@toks@=\toks14
)
(/usr/share/texmf/tex/latex/graphics/graphics.sty
Package: graphics 2006/02/20 v1.0o Standard LaTeX Graphics (DPC,SPQR)

(/usr/share/texmf/tex/latex/graphics/trig.sty
Package: trig 1999/03/16 v1.09 sin cos tan (DPC)
)
(/usr/lib/texmf/tex/latex/config/graphics.cfg
File: graphics.cfg 2007/01/18 v1.5 graphics configuration of teTeX/TeXLive
)
Package graphics Info: Driver file: pdftex.def on input line 90.

(/usr/share/texmf/tex/latex/pdftex-def/pdftex.def
File: pdftex.def 2007/01/08 v0.04d Graphics/color for pdfTeX
\Gread@gobject=\count87
))
\Gin@req@height=\dimen104
\Gin@req@width=\dimen105
)
(/usr/share/texmf/tex/latex/psnfss/pifont.sty
Package: pifont 2005/04/12 PSNFSS-v9.2a Pi font support (SPQR) 
LaTeX Font Info:    Try loading font information for U+pzd on input line 63.

(/usr/share/texmf/tex/latex/psnfss/upzd.fd
File: upzd.fd 2001/06/04 font definitions for U/pzd.
)
LaTeX Font Info:    Try loading font information for U+psy on input line 64.

(/usr/share/texmf/tex/latex/psnfss/upsy.fd
File: upsy.fd 2001/06/04 font definitions for U/psy.
))
\c@tnote=\count88
\c@fnote=\count89
\c@cnote=\count90
\c@ead=\count91
\c@author=\count92
\@eadauthor=\toks15
\c@affn=\count93
\absbox=\box26
\keybox=\box27
\Columnwidth=\dimen106
\space@left=\dimen107
\els@boxa=\box28
\els@boxb=\box29
\leftMargin=\dimen108
\@enLab=\toks16
\@sep=\skip43
\@@sep=\skip44
 (./Paper2.spl)
(/usr/share/texmf/tex/latex/natbib/natbib.sty
Package: natbib 2007/02/05 8.0 (PWD)
\bibhang=\skip45
\bibsep=\skip46
LaTeX Info: Redefining \cite on input line 602.
\c@NAT@ctr=\count94
)
\splwrite=\write3
\openout3 = `Paper2.spl'.


(/usr/share/texmf/tex/latex/geometry/geometry.sty
Package: geometry 2002/07/08 v3.2 Page Geometry
\Gm@cnth=\count95
\Gm@cntv=\count96
\c@Gm@tempcnt=\count97
\Gm@bindingoffset=\dimen109
\Gm@wd@mp=\dimen110
\Gm@odd@mp=\dimen111
\Gm@even@mp=\dimen112
\Gm@dimlist=\toks17
)
(/usr/share/texmf/tex/latex/base/fleqn.clo
File: fleqn.clo 1998/08/17 v1.1c Standard LaTeX option (flush left equations)
\mathindent=\dimen113
))
(/usr/share/texmf/tex/latex/amsmath/amsmath.sty
Package: amsmath 2000/07/18 v2.13 AMS math features
\@mathmargin=\skip47

For additional information on amsmath, use the `?' option.
(/usr/share/texmf/tex/latex/amsmath/amstext.sty
Package: amstext 2000/06/29 v2.01

(/usr/share/texmf/tex/latex/amsmath/amsgen.sty
File: amsgen.sty 1999/11/30 v2.0
\@emptytoks=\toks18
\ex@=\dimen114
))
(/usr/share/texmf/tex/latex/amsmath/amsbsy.sty
Package: amsbsy 1999/11/29 v1.2d
\pmbraise@=\dimen115
)
(/usr/share/texmf/tex/latex/amsmath/amsopn.sty
Package: amsopn 1999/12/14 v2.01 operator names
)
\inf@bad=\count98
LaTeX Info: Redefining \frac on input line 211.
\uproot@=\count99
\leftroot@=\count100
LaTeX Info: Redefining \overline on input line 307.
\classnum@=\count101
\DOTSCASE@=\count102
LaTeX Info: Redefining \ldots on input line 379.
LaTeX Info: Redefining \dots on input line 382.
LaTeX Info: Redefining \cdots on input line 467.
\Mathstrutbox@=\box30
\strutbox@=\box31
\big@size=\dimen116
LaTeX Font Info:    Redeclaring font encoding OML on input line 567.
LaTeX Font Info:    Redeclaring font encoding OMS on input line 568.
\macc@depth=\count103
\c@MaxMatrixCols=\count104
\dotsspace@=\muskip10
\c@parentequation=\count105
\dspbrk@lvl=\count106
\tag@help=\toks19
\row@=\count107
\column@=\count108
\maxfields@=\count109
\andhelp@=\toks20
\eqnshift@=\dimen117
\alignsep@=\dimen118
\tagshift@=\dimen119
\tagwidth@=\dimen120
\totwidth@=\dimen121
\lineht@=\dimen122
\@envbody=\toks21
\multlinegap=\skip48
\multlinetaggap=\skip49
\mathdisplay@stack=\toks22
LaTeX Info: Redefining \[ on input line 2666.
LaTeX Info: Redefining \] on input line 2667.
)
(/usr/share/texmf/tex/latex/subfigure/subfigure.sty
Package: subfigure 2002/03/15 v2.1.5 subfigure package
\subfigtopskip=\skip50
\subfigcapskip=\skip51
\subfigcaptopadj=\dimen123
\subfigbottomskip=\skip52
\subfigcapmargin=\dimen124
\subfiglabelskip=\skip53
\c@subfigure=\count110
\c@lofdepth=\count111
\c@subtable=\count112
\c@lotdepth=\count113

****************************************
* Local config file subfigure.cfg used *
****************************************
(/usr/share/texmf/tex/latex/subfigure/subfigure.cfg)
\subfig@top=\skip54
\subfig@bottom=\skip55
)
(/usr/share/texmf/tex/latex/tools/array.sty
Package: array 2005/08/23 v2.4b Tabular extension package (FMi)
\col@sep=\dimen125
\extrarowheight=\dimen126
\NC@list=\toks23
\extratabsurround=\skip56
\backup@length=\skip57
) (./Paper2.aux)
\openout1 = `Paper2.aux'.

LaTeX Font Info:    Checking defaults for OML/cmm/m/it on input line 31.
LaTeX Font Info:    ... okay on input line 31.
LaTeX Font Info:    Checking defaults for T1/cmr/m/n on input line 31.
LaTeX Font Info:    ... okay on input line 31.
LaTeX Font Info:    Checking defaults for OT1/cmr/m/n on input line 31.
LaTeX Font Info:    ... okay on input line 31.
LaTeX Font Info:    Checking defaults for OMS/cmsy/m/n on input line 31.
LaTeX Font Info:    ... okay on input line 31.
LaTeX Font Info:    Checking defaults for OMX/cmex/m/n on input line 31.
LaTeX Font Info:    ... okay on input line 31.
LaTeX Font Info:    Checking defaults for U/cmr/m/n on input line 31.
LaTeX Font Info:    ... okay on input line 31.
-------------------- Geometry parameters
paper: user defined
landscape: --
twocolumn: true
twoside: --
asymmetric: --
h-parts: 37.75394pt, 522.0pt, 37.75394pt
v-parts: 81.52342pt, 682.0pt, 81.52342pt
hmarginratio: 1:1
vmarginratio: 1:1
lines: --
heightrounded: --
bindingoffset: 0.0pt
truedimen: --
includehead: --
includefoot: --
includemp: --
driver: pdftex
-------------------- Page layout dimensions and switches
\paperwidth  597.50787pt
\paperheight 845.04684pt
\textwidth  522.0pt
\textheight 682.0pt
\oddsidemargin  -34.51605pt
\evensidemargin -34.51605pt
\topmargin  -52.74657pt
\headheight 50.0pt
\headsep    12.0pt
\footskip   18.0pt
\marginparwidth 4.0pt
\marginparsep   10.0pt
\columnsep  18.0pt
\skip\footins  24.0pt plus 2.0pt minus 12.0pt
\hoffset 0.0pt
\voffset 0.0pt
\mag 1000
\@twocolumntrue 
(1in=72.27pt, 1cm=28.45pt)
-----------------------


Package natbib Warning: Citation `HierarchicalParsing7' on page 1 undefined on 
input line 81.


Package natbib Warning: Citation `SketchRead2007' on page 1 undefined on input 
line 81.


Package natbib Warning: Citation `SketchRead2007' on page 1 undefined on input 
line 84.


Package natbib Warning: Citation `gestureexample12' on page 1 undefined on inpu
t line 86.


Package natbib Warning: Citation `aideddesgin22' on page 1 undefined on input l
ine 86.


Package natbib Warning: Citation `DiagramOfflineConvexHull' on page 1 undefined
 on input line 86.


Package natbib Warning: Citation `Cali63' on page 1 undefined on input line 86.



Package natbib Warning: Citation `Oltmans07' on page 1 undefined on input line 
86.


Package natbib Warning: Citation `imagetrainable48' on page 1 undefined on inpu
t line 86.


Package natbib Warning: Citation `imagetrainable48' on page 1 undefined on inpu
t line 86.


Underfull \vbox (badness 10000) has occurred while \output is active []

 [1{/var/lib/texmf/fonts/map/pdftex/updmap/pdftex.map}


]

Package natbib Warning: Citation `Cali63' on page 2 undefined on input line 88.



Package natbib Warning: Citation `geometrydomain49' on page 2 undefined on inpu
t line 88.


Package natbib Warning: Citation `AlvaradoDigital' on page 2 undefined on input
 line 88.


Package natbib Warning: Citation `PolygonApproximationPSO' on page 2 undefined 
on input line 91.


LaTeX Warning: Reference `ConclusionandFutureWork' on page 2 undefined on input
 line 94.


Package natbib Warning: Citation `meanshift10' on page 2 undefined on input lin
e 99.


Package natbib Warning: Citation `earlyprocess' on page 2 undefined on input li
ne 99.


Underfull \vbox (badness 10000) has occurred while \output is active []



Package natbib Warning: Citation `CruveDivisionSwarm' on page 2 undefined on in
put line 101.


Package natbib Warning: Citation `CruveDivisionSwarm' on page 2 undefined on in
put line 101.


Package natbib Warning: Citation `PolygonApproximationPSO' on page 2 undefined 
on input line 101.


Package natbib Warning: Citation `PolygonApproximationPSO' on page 2 undefined 
on input line 101.


Package natbib Warning: Citation `PSOFirst' on page 2 undefined on input line 1
07.


Package natbib Warning: Citation `PSODisceret' on page 2 undefined on input lin
e 125.

[2]

Package natbib Warning: Citation `earlyprocess' on page 3 undefined on input li
ne 145.


Package natbib Warning: Citation `polygonfeedback31' on page 3 undefined on inp
ut line 145.

<images/stroke3.jpg, id=20, 208.52907pt x 148.30406pt>
File: images/stroke3.jpg Graphic file (type jpg)

<use images/stroke3.jpg> <images/vel3.jpg, id=21, 456.20438pt x 429.85594pt>
File: images/vel3.jpg Graphic file (type jpg)

<use images/vel3.jpg> <images/td3.jpg, id=22, 447.17062pt x 451.6875pt>
File: images/td3.jpg Graphic file (type jpg)

<use images/td3.jpg>

Package natbib Warning: Citation `earlyprocess' on page 3 undefined on input li
ne 165.

<images/ppd.jpg, id=23, 161.85469pt x 136.25906pt>
File: images/ppd.jpg Graphic file (type jpg)
 <use images/ppd.jpg>
[3 <./images/stroke3.jpg> <./images/vel3.jpg> <./images/td3.jpg>]

Package natbib Warning: Citation `ellipsefit' on page 4 undefined on input line
 176.

<images/flowchart.jpg, id=29, 377.91188pt x 304.88907pt>
File: images/flowchart.jpg Graphic file (type jpg)

<use images/flowchart.jpg>

Package natbib Warning: Citation `chernov' on page 4 undefined on input line 18
7.

[4 <./images/ppd.jpg> <./images/flowchart.jpg>]
<images/pso1.jpg, id=33, 201.75375pt x 155.07938pt>
File: images/pso1.jpg Graphic file (type jpg)
 <use images/pso1.jpg>

Package natbib Warning: Citation `CruveDivisionSwarm' on page 5 undefined on in
put line 243.


Package natbib Warning: Citation `CruveDivisionSwarm' on page 5 undefined on in
put line 247.


Package natbib Warning: Citation `CruveDivisionSwarm' on page 5 undefined on in
put line 251.

[5 <./images/pso1.jpg>]
LaTeX Font Info:    Try loading font information for OMS+cmr on input line 268.

 (/usr/share/texmf/tex/latex/base/omscmr.fd
File: omscmr.fd 1999/05/25 v2.5h Standard LaTeX font definitions
)
LaTeX Font Info:    Font shape `OMS/cmr/m/n' in size <10> not available
(Font)              Font shape `OMS/cmsy/m/n' tried instead on input line 268.


Package natbib Warning: Citation `gestureexample12' on page 6 undefined on inpu
t line 282.


Package natbib Warning: Citation `ZerMomentOrthogonal' on page 6 undefined on i
nput line 287.


Package natbib Warning: Citation `GeometryAndDomain102' on page 6 undefined on 
input line 293.


Package natbib Warning: Citation `libsvm' on page 6 undefined on input line 300
.


LaTeX Warning: Reference `fig:HsSet' on page 6 undefined on input line 305.


Package natbib Warning: Citation `HeloiseBeautification' on page 6 undefined on
 input line 305.


LaTeX Warning: Reference `fig:ELsymbolSet' on page 6 undefined on input line 30
5.


LaTeX Warning: Reference `fig:LogicsymbolSet' on page 6 undefined on input line
 305.


LaTeX Warning: Reference `tab:datasets' on page 6 undefined on input line 305.

<images/symbolSet.PNG, id=43, 257.96375pt x 171.64125pt>
File: images/symbolSet.PNG Graphic file (type png)

<use images/symbolSet.PNG>
<images/logicSet.jpg, id=44, 174.6525pt x 299.61937pt>
File: images/logicSet.jpg Graphic file (type jpg)

<use images/logicSet.jpg>
Underfull \hbox (badness 10000) in paragraph at lines 316--316
\OT1/cmr/m/n/8 Sym-bols Dataset(LD-
 []

<images/EelectImage.jpg, id=45, 262.73157pt x 295.1025pt>
File: images/EelectImage.jpg Graphic file (type jpg)

<use images/EelectImage.jpg>
Underfull \hbox (badness 10000) in paragraph at lines 319--319
[]\OT1/cmr/m/n/8 (b) The Elec-tri-cal Sym-bols
 []


LaTeX Warning: Reference `fig:HsSet' on page 6 undefined on input line 340.


LaTeX Warning: Reference `fig:ELsymbolSet' on page 6 undefined on input line 34
0.


LaTeX Warning: Reference `fig:LogicsymbolSet' on page 6 undefined on input line
 340.


LaTeX Warning: Reference `fig:swarmtesting' on page 6 undefined on input line 3
47.


LaTeX Warning: Reference `fig:swarmtesting2' on page 6 undefined on input line 
347.


LaTeX Warning: Reference `fig:swarmtesting' on page 6 undefined on input line 3
47.


LaTeX Warning: Reference `fig:swarmtesting2' on page 6 undefined on input line 
347.


LaTeX Warning: Reference `fig:swarmwtest' on page 6 undefined on input line 347
.

[6] <images/swarmIterationVsParticles.jpg, id=49, 707.64375pt x 301.125pt>
File: images/swarmIterationVsParticles.jpg Graphic file (type jpg)

<use images/swarmIterationVsParticles.jpg>

LaTeX Warning: File `images/C1Swarm.jpg' not found on input line 353.


!pdfTeX error: pdflatex (file images/C1Swarm.jpg): cannot find image file
 ==> Fatal error occurred, no output PDF file produced!
